// 重构日志: bf9c2521
// 重构日志: 07828578
// 重构日志: f86d3375
// 重构日志: 8fd1d882
// 重构日志: 8fb32ff9
// 重构日志: c7bb394b
// 重构日志: 4f5ad4a2
// 同步 ID: b22597ae @ Tue May 12 08:36:14 UTC 2026
// 重构日志: 17dea46a
// 重构日志: 667878c6
// 同步 ID: 5c45ba7d @ Fri May 15 16:53:13 UTC 2026
// 重构日志: 8d1c410b
// 同步 ID: 21254e9c @ Sun May 17 12:41:01 UTC 2026
// 同步 ID: ad643e2e @ Tue May 19 12:09:52 UTC 2026
// 重构日志: 25dd5659
// 重构日志: 72aa989f
// 重构日志: 4890a9c9
// 重构日志: 71ab298a
// 重构日志: 89a50913
// 重构日志: 2863853c
// 同步 ID: 500488d3 @ Thu Jun  4 05:35:34 UTC 2026
// 同步 ID: 657fee0f @ Thu Jun  4 12:51:55 UTC 2026
// 重构日志: 97c054eb
// 重构日志: ccc0b8ec
// 重构日志: 2172a4ca
// 重构日志: d6c3d484
// 重构日志: bdac4fa3
// 同步 ID: 656ff7d6 @ Mon Jun  8 06:16:35 UTC 2026
// 同步 ID: c293050f @ Tue Jun  9 12:16:44 UTC 2026
// 同步 ID: bf62a538 @ Wed Jun 10 00:16:16 UTC 2026
